   Compiling proc-macro2 v1.0.95
   Compiling unicode-ident v1.0.18
   Compiling libc v0.2.174
   Compiling autocfg v1.5.0
   Compiling serde v1.0.219
   Compiling bitflags v2.9.1
   Compiling getrandom v0.3.3
   Compiling rustix v1.0.8
   Compiling cfg-if v1.0.1
   Compiling uuid v1.17.0
   Compiling utf8parse v0.2.2
   Compiling serde_json v1.0.141
   Compiling thiserror v2.0.12
   Compiling fastrand v2.3.0
   Compiling once_cell v1.21.3
   Compiling itoa v1.0.15
   Compiling anstyle v1.0.11
   Compiling anstyle-parse v0.2.7
   Compiling memchr v2.7.5
   Compiling log v0.4.27
   Compiling colorchoice v1.0.4
   Compiling anyhow v1.0.98
   Compiling anstyle-query v1.1.3
   Compiling plain v0.2.3
   Compiling is_terminal_polyfill v1.70.1
   Compiling minidump-writer v0.10.2 (/Users/bahamoth/projects/minidump-writer-ios-example/deps/minidump-writer)
   Compiling ryu v1.0.20
   Compiling crash-context v0.6.3
   Compiling clap_lex v0.7.5
   Compiling anstream v0.6.19
   Compiling debugid v0.8.0
   Compiling heck v0.5.0
   Compiling failspot v0.2.0
   Compiling strsim v0.11.1
   Compiling byteorder v1.5.0
   Compiling lazy_static v1.5.0
   Compiling num-traits v0.2.19
   Compiling memoffset v0.9.1
   Compiling colored v2.2.0
   Compiling clap_builder v4.5.41
   Compiling quote v1.0.40
   Compiling syn v2.0.104
   Compiling errno v0.3.13
   Compiling mach2 v0.4.3
   Compiling memmap2 v0.9.7
   Compiling tempfile v3.20.0
   Compiling scroll_derive v0.12.1
   Compiling serde_derive v1.0.219
   Compiling smart-default v0.7.1
   Compiling num-derive v0.4.2
   Compiling thiserror-impl v2.0.12
   Compiling clap_derive v4.5.41
   Compiling range-map v0.2.0
   Compiling scroll v0.12.0
